[debug] [2021-08-30T20:15:32.727Z] ----------------------------------------------------------------------
[debug] [2021-08-30T20:15:32.730Z] Command:       C:\Program Files\nodejs\node.exe C:\Users\ken\AppData\Roaming\npm\node_modules\firebase-tools\lib\bin\firebase.js init
[debug] [2021-08-30T20:15:32.730Z] CLI Version:   9.16.6
[debug] [2021-08-30T20:15:32.731Z] Platform:      win32
[debug] [2021-08-30T20:15:32.731Z] Node Version:  v13.14.0
[debug] [2021-08-30T20:15:32.731Z] Time:          Tue Aug 31 2021 04:15:32 GMT+0800 (Singapore Standard Time)
[debug] [2021-08-30T20:15:32.732Z] ----------------------------------------------------------------------
[debug] 
[debug] [2021-08-30T20:15:32.742Z] > command requires scopes: ["email","openid","https://www.googleapis.com/auth/cloudplatformprojects.readonly","https://www.googleapis.com/auth/firebase","https://www.googleapis.com/auth/cloud-platform"]
[debug] [2021-08-30T20:15:32.742Z] > authorizing via signed-in user (jdcgtrrz@gmail.com)
[info] 
     ######## #### ########  ######## ########     ###     ######  ########
     ##        ##  ##     ## ##       ##     ##  ##   ##  ##       ##
     ######    ##  ########  ######   ########  #########  ######  ######
     ##        ##  ##    ##  ##       ##     ## ##     ##       ## ##
     ##       #### ##     ## ######## ########  ##     ##  ######  ########

You're about to initialize a Firebase project in this directory:

  C:\Users\ken\Desktop\CSS-Project

[info] 
=== Project Setup
[info] 
[info] First, let's associate this project directory with a Firebase project.
[info] You can create multiple project aliases by running firebase use --add, 
[info] but for now we'll just set up a default project.
[info] 
[debug] [2021-08-30T20:15:40.093Z] >>> [apiv2][query] GET https://firebase.googleapis.com/v1beta1/projects pageSize=100
[debug] [2021-08-30T20:15:41.022Z] <<< [apiv2][status] GET https://firebase.googleapis.com/v1beta1/projects 200
[debug] [2021-08-30T20:15:41.022Z] <<< [apiv2][body] GET https://firebase.googleapis.com/v1beta1/projects [omitted]
[info] i  Using project fir-project-2d124 (Demo-Project) 
[info] 
=== Hosting Setup
[info] 
[info] Your public directory is the folder (relative to your project directory) that
[info] will contain Hosting assets to be uploaded with firebase deploy. If you
[info] have a build process for your assets, use your build's output directory.
[info] 
